CRITICAL - 2025-03-26 10:12:57 --> ErrorException: Attempt to read property "correo" on null
[Method: GET, Route: /]
in APPPATH\Controllers\UsuariosController.php on line 27.
 1 APPPATH\Controllers\UsuariosController.php(27): CodeIgniter\Debug\Exceptions->errorHandler(2, 'Attempt to read property "correo" on null', 'C:\\xampp\\htdocs\\backendPlantify\\app\\Controllers\\UsuariosController.php', 27)
 2 SYSTEMPATH\CodeIgniter.php(933): App\Controllers\UsuariosController->procesarLogin()
 3 SYSTEMPATH\CodeIgniter.php(507): CodeIgniter\CodeIgniter->runController(Object(App\Controllers\UsuariosController))
 4 SYSTEMPATH\CodeIgniter.php(354): CodeIgniter\CodeIgniter->handleRequest(null, Object(Config\Cache), false)
 5 SYSTEMPATH\Boot.php(334): CodeIgniter\CodeIgniter->run()
 6 SYSTEMPATH\Boot.php(67): CodeIgniter\Boot::runCodeIgniter(Object(CodeIgniter\CodeIgniter))
 7 FCPATH\index.php(44): CodeIgniter\Boot::bootWeb(Object(Config\Paths))
CRITICAL - 2025-03-26 10:16:27 --> CodeIgniter\HTTP\Exceptions\HTTPException: Failed to parse JSON string. Error: Syntax error
[Method: POST, Route: login]
in SYSTEMPATH\HTTP\IncomingRequest.php on line 537.
 1 SYSTEMPATH\HTTP\IncomingRequest.php(537): CodeIgniter\HTTP\Exceptions\HTTPException::forInvalidJSON('Syntax error')
 2 APPPATH\Controllers\UsuariosController.php(24): CodeIgniter\HTTP\IncomingRequest->getJSON()
 3 SYSTEMPATH\CodeIgniter.php(933): App\Controllers\UsuariosController->procesarLogin()
 4 SYSTEMPATH\CodeIgniter.php(507): CodeIgniter\CodeIgniter->runController(Object(App\Controllers\UsuariosController))
 5 SYSTEMPATH\CodeIgniter.php(354): CodeIgniter\CodeIgniter->handleRequest(null, Object(Config\Cache), false)
 6 SYSTEMPATH\Boot.php(334): CodeIgniter\CodeIgniter->run()
 7 SYSTEMPATH\Boot.php(67): CodeIgniter\Boot::runCodeIgniter(Object(CodeIgniter\CodeIgniter))
 8 FCPATH\index.php(44): CodeIgniter\Boot::bootWeb(Object(Config\Paths))
ERROR - 2025-03-26 11:04:09 --> mysqli_sql_exception: Cannot delete or update a parent row: a foreign key constraint fails (`admin_plantify`.`usuarios_notificaciones`, CONSTRAINT `usuarios_notificaciones_ibfk_2` FOREIGN KEY (`id_notificacion`) REFERENCES `notificaciones` (`id_notificacion`)) in C:\xampp\htdocs\backendPlantify\system\Database\MySQLi\Connection.php:327
Stack trace:
#0 C:\xampp\htdocs\backendPlantify\system\Database\MySQLi\Connection.php(327): mysqli->query('DELETE FROM `us...', 0)
#1 C:\xampp\htdocs\backendPlantify\system\Database\BaseConnection.php(738): CodeIgniter\Database\MySQLi\Connection->execute('DELETE FROM `us...')
#2 C:\xampp\htdocs\backendPlantify\system\Database\BaseConnection.php(652): CodeIgniter\Database\BaseConnection->simpleQuery('DELETE FROM `us...')
#3 C:\xampp\htdocs\backendPlantify\system\Database\BaseBuilder.php(2848): CodeIgniter\Database\BaseConnection->query('DELETE FROM `us...', Array, false)
#4 C:\xampp\htdocs\backendPlantify\system\Model.php(521): CodeIgniter\Database\BaseBuilder->delete()
#5 C:\xampp\htdocs\backendPlantify\system\BaseModel.php(1157): CodeIgniter\Model->doDelete(Array, false)
#6 C:\xampp\htdocs\backendPlantify\app\Controllers\UsuariosController.php(211): CodeIgniter\BaseModel->delete(Array)
#7 C:\xampp\htdocs\backendPlantify\system\CodeIgniter.php(933): App\Controllers\UsuariosController->delete('5')
#8 C:\xampp\htdocs\backendPlantify\system\CodeIgniter.php(507): CodeIgniter\CodeIgniter->runController(Object(App\Controllers\UsuariosController))
#9 C:\xampp\htdocs\backendPlantify\system\CodeIgniter.php(354): CodeIgniter\CodeIgniter->handleRequest(NULL, Object(Config\Cache), false)
#10 C:\xampp\htdocs\backendPlantify\system\Boot.php(334): CodeIgniter\CodeIgniter->run()
#11 C:\xampp\htdocs\backendPlantify\system\Boot.php(67): CodeIgniter\Boot::runCodeIgniter(Object(CodeIgniter\CodeIgniter))
#12 C:\xampp\htdocs\backendPlantify\index.php(44): CodeIgniter\Boot::bootWeb(Object(Config\Paths))
#13 {main}
ERROR - 2025-03-26 11:04:11 --> mysqli_sql_exception: Cannot delete or update a parent row: a foreign key constraint fails (`admin_plantify`.`usuarios_notificaciones`, CONSTRAINT `usuarios_notificaciones_ibfk_2` FOREIGN KEY (`id_notificacion`) REFERENCES `notificaciones` (`id_notificacion`)) in C:\xampp\htdocs\backendPlantify\system\Database\MySQLi\Connection.php:327
Stack trace:
#0 C:\xampp\htdocs\backendPlantify\system\Database\MySQLi\Connection.php(327): mysqli->query('DELETE FROM `us...', 0)
#1 C:\xampp\htdocs\backendPlantify\system\Database\BaseConnection.php(738): CodeIgniter\Database\MySQLi\Connection->execute('DELETE FROM `us...')
#2 C:\xampp\htdocs\backendPlantify\system\Database\BaseConnection.php(652): CodeIgniter\Database\BaseConnection->simpleQuery('DELETE FROM `us...')
#3 C:\xampp\htdocs\backendPlantify\system\Database\BaseBuilder.php(2848): CodeIgniter\Database\BaseConnection->query('DELETE FROM `us...', Array, false)
#4 C:\xampp\htdocs\backendPlantify\system\Model.php(521): CodeIgniter\Database\BaseBuilder->delete()
#5 C:\xampp\htdocs\backendPlantify\system\BaseModel.php(1157): CodeIgniter\Model->doDelete(Array, false)
#6 C:\xampp\htdocs\backendPlantify\app\Controllers\UsuariosController.php(211): CodeIgniter\BaseModel->delete(Array)
#7 C:\xampp\htdocs\backendPlantify\system\CodeIgniter.php(933): App\Controllers\UsuariosController->delete('5')
#8 C:\xampp\htdocs\backendPlantify\system\CodeIgniter.php(507): CodeIgniter\CodeIgniter->runController(Object(App\Controllers\UsuariosController))
#9 C:\xampp\htdocs\backendPlantify\system\CodeIgniter.php(354): CodeIgniter\CodeIgniter->handleRequest(NULL, Object(Config\Cache), false)
#10 C:\xampp\htdocs\backendPlantify\system\Boot.php(334): CodeIgniter\CodeIgniter->run()
#11 C:\xampp\htdocs\backendPlantify\system\Boot.php(67): CodeIgniter\Boot::runCodeIgniter(Object(CodeIgniter\CodeIgniter))
#12 C:\xampp\htdocs\backendPlantify\index.php(44): CodeIgniter\Boot::bootWeb(Object(Config\Paths))
#13 {main}
ERROR - 2025-03-26 11:04:11 --> mysqli_sql_exception: Cannot delete or update a parent row: a foreign key constraint fails (`admin_plantify`.`usuarios_notificaciones`, CONSTRAINT `usuarios_notificaciones_ibfk_2` FOREIGN KEY (`id_notificacion`) REFERENCES `notificaciones` (`id_notificacion`)) in C:\xampp\htdocs\backendPlantify\system\Database\MySQLi\Connection.php:327
Stack trace:
#0 C:\xampp\htdocs\backendPlantify\system\Database\MySQLi\Connection.php(327): mysqli->query('DELETE FROM `us...', 0)
#1 C:\xampp\htdocs\backendPlantify\system\Database\BaseConnection.php(738): CodeIgniter\Database\MySQLi\Connection->execute('DELETE FROM `us...')
#2 C:\xampp\htdocs\backendPlantify\system\Database\BaseConnection.php(652): CodeIgniter\Database\BaseConnection->simpleQuery('DELETE FROM `us...')
#3 C:\xampp\htdocs\backendPlantify\system\Database\BaseBuilder.php(2848): CodeIgniter\Database\BaseConnection->query('DELETE FROM `us...', Array, false)
#4 C:\xampp\htdocs\backendPlantify\system\Model.php(521): CodeIgniter\Database\BaseBuilder->delete()
#5 C:\xampp\htdocs\backendPlantify\system\BaseModel.php(1157): CodeIgniter\Model->doDelete(Array, false)
#6 C:\xampp\htdocs\backendPlantify\app\Controllers\UsuariosController.php(211): CodeIgniter\BaseModel->delete(Array)
#7 C:\xampp\htdocs\backendPlantify\system\CodeIgniter.php(933): App\Controllers\UsuariosController->delete('5')
#8 C:\xampp\htdocs\backendPlantify\system\CodeIgniter.php(507): CodeIgniter\CodeIgniter->runController(Object(App\Controllers\UsuariosController))
#9 C:\xampp\htdocs\backendPlantify\system\CodeIgniter.php(354): CodeIgniter\CodeIgniter->handleRequest(NULL, Object(Config\Cache), false)
#10 C:\xampp\htdocs\backendPlantify\system\Boot.php(334): CodeIgniter\CodeIgniter->run()
#11 C:\xampp\htdocs\backendPlantify\system\Boot.php(67): CodeIgniter\Boot::runCodeIgniter(Object(CodeIgniter\CodeIgniter))
#12 C:\xampp\htdocs\backendPlantify\index.php(44): CodeIgniter\Boot::bootWeb(Object(Config\Paths))
#13 {main}
ERROR - 2025-03-26 12:44:54 --> mysqli_sql_exception: Cannot delete or update a parent row: a foreign key constraint fails (`admin_plantify`.`usuarios_notificaciones`, CONSTRAINT `usuarios_notificaciones_ibfk_2` FOREIGN KEY (`id_notificacion`) REFERENCES `notificaciones` (`id_notificacion`)) in C:\xampp\htdocs\backendPlantify\system\Database\MySQLi\Connection.php:327
Stack trace:
#0 C:\xampp\htdocs\backendPlantify\system\Database\MySQLi\Connection.php(327): mysqli->query('DELETE FROM `us...', 0)
#1 C:\xampp\htdocs\backendPlantify\system\Database\BaseConnection.php(738): CodeIgniter\Database\MySQLi\Connection->execute('DELETE FROM `us...')
#2 C:\xampp\htdocs\backendPlantify\system\Database\BaseConnection.php(652): CodeIgniter\Database\BaseConnection->simpleQuery('DELETE FROM `us...')
#3 C:\xampp\htdocs\backendPlantify\system\Database\BaseBuilder.php(2848): CodeIgniter\Database\BaseConnection->query('DELETE FROM `us...', Array, false)
#4 C:\xampp\htdocs\backendPlantify\system\Model.php(521): CodeIgniter\Database\BaseBuilder->delete()
#5 C:\xampp\htdocs\backendPlantify\system\BaseModel.php(1157): CodeIgniter\Model->doDelete(Array, false)
#6 C:\xampp\htdocs\backendPlantify\app\Controllers\UsuariosController.php(209): CodeIgniter\BaseModel->delete(Array)
#7 C:\xampp\htdocs\backendPlantify\system\CodeIgniter.php(933): App\Controllers\UsuariosController->delete('1')
#8 C:\xampp\htdocs\backendPlantify\system\CodeIgniter.php(507): CodeIgniter\CodeIgniter->runController(Object(App\Controllers\UsuariosController))
#9 C:\xampp\htdocs\backendPlantify\system\CodeIgniter.php(354): CodeIgniter\CodeIgniter->handleRequest(NULL, Object(Config\Cache), false)
#10 C:\xampp\htdocs\backendPlantify\system\Boot.php(334): CodeIgniter\CodeIgniter->run()
#11 C:\xampp\htdocs\backendPlantify\system\Boot.php(67): CodeIgniter\Boot::runCodeIgniter(Object(CodeIgniter\CodeIgniter))
#12 C:\xampp\htdocs\backendPlantify\index.php(44): CodeIgniter\Boot::bootWeb(Object(Config\Paths))
#13 {main}
ERROR - 2025-03-26 12:45:02 --> mysqli_sql_exception: Cannot delete or update a parent row: a foreign key constraint fails (`admin_plantify`.`usuarios_notificaciones`, CONSTRAINT `usuarios_notificaciones_ibfk_2` FOREIGN KEY (`id_notificacion`) REFERENCES `notificaciones` (`id_notificacion`)) in C:\xampp\htdocs\backendPlantify\system\Database\MySQLi\Connection.php:327
Stack trace:
#0 C:\xampp\htdocs\backendPlantify\system\Database\MySQLi\Connection.php(327): mysqli->query('DELETE FROM `us...', 0)
#1 C:\xampp\htdocs\backendPlantify\system\Database\BaseConnection.php(738): CodeIgniter\Database\MySQLi\Connection->execute('DELETE FROM `us...')
#2 C:\xampp\htdocs\backendPlantify\system\Database\BaseConnection.php(652): CodeIgniter\Database\BaseConnection->simpleQuery('DELETE FROM `us...')
#3 C:\xampp\htdocs\backendPlantify\system\Database\BaseBuilder.php(2848): CodeIgniter\Database\BaseConnection->query('DELETE FROM `us...', Array, false)
#4 C:\xampp\htdocs\backendPlantify\system\Model.php(521): CodeIgniter\Database\BaseBuilder->delete()
#5 C:\xampp\htdocs\backendPlantify\system\BaseModel.php(1157): CodeIgniter\Model->doDelete(Array, false)
#6 C:\xampp\htdocs\backendPlantify\app\Controllers\UsuariosController.php(209): CodeIgniter\BaseModel->delete(Array)
#7 C:\xampp\htdocs\backendPlantify\system\CodeIgniter.php(933): App\Controllers\UsuariosController->delete('1')
#8 C:\xampp\htdocs\backendPlantify\system\CodeIgniter.php(507): CodeIgniter\CodeIgniter->runController(Object(App\Controllers\UsuariosController))
#9 C:\xampp\htdocs\backendPlantify\system\CodeIgniter.php(354): CodeIgniter\CodeIgniter->handleRequest(NULL, Object(Config\Cache), false)
#10 C:\xampp\htdocs\backendPlantify\system\Boot.php(334): CodeIgniter\CodeIgniter->run()
#11 C:\xampp\htdocs\backendPlantify\system\Boot.php(67): CodeIgniter\Boot::runCodeIgniter(Object(CodeIgniter\CodeIgniter))
#12 C:\xampp\htdocs\backendPlantify\index.php(44): CodeIgniter\Boot::bootWeb(Object(Config\Paths))
#13 {main}
CRITICAL - 2025-03-26 08:27:38 --> ErrorException: Undefined array key "session_token"
[Method: POST, Route: login]
in APPPATH\Controllers\UsuariosController.php on line 206.
 1 APPPATH\Controllers\UsuariosController.php(206): CodeIgniter\Debug\Exceptions->errorHandler(2, 'Undefined array key "session_token"', 'C:\\xampp\\htdocs\\backendPlantify\\app\\Controllers\\UsuariosController.php', 206)
 2 SYSTEMPATH\CodeIgniter.php(933): App\Controllers\UsuariosController->procesarLogin()
 3 SYSTEMPATH\CodeIgniter.php(507): CodeIgniter\CodeIgniter->runController(Object(App\Controllers\UsuariosController))
 4 SYSTEMPATH\CodeIgniter.php(354): CodeIgniter\CodeIgniter->handleRequest(null, Object(Config\Cache), false)
 5 SYSTEMPATH\Boot.php(334): CodeIgniter\CodeIgniter->run()
 6 SYSTEMPATH\Boot.php(67): CodeIgniter\Boot::runCodeIgniter(Object(CodeIgniter\CodeIgniter))
 7 FCPATH\index.php(44): CodeIgniter\Boot::bootWeb(Object(Config\Paths))
CRITICAL - 2025-03-26 08:29:46 --> ErrorException: Undefined array key "session_token"
[Method: POST, Route: login]
in APPPATH\Controllers\UsuariosController.php on line 206.
 1 APPPATH\Controllers\UsuariosController.php(206): CodeIgniter\Debug\Exceptions->errorHandler(2, 'Undefined array key "session_token"', 'C:\\xampp\\htdocs\\backendPlantify\\app\\Controllers\\UsuariosController.php', 206)
 2 SYSTEMPATH\CodeIgniter.php(933): App\Controllers\UsuariosController->procesarLogin()
 3 SYSTEMPATH\CodeIgniter.php(507): CodeIgniter\CodeIgniter->runController(Object(App\Controllers\UsuariosController))
 4 SYSTEMPATH\CodeIgniter.php(354): CodeIgniter\CodeIgniter->handleRequest(null, Object(Config\Cache), false)
 5 SYSTEMPATH\Boot.php(334): CodeIgniter\CodeIgniter->run()
 6 SYSTEMPATH\Boot.php(67): CodeIgniter\Boot::runCodeIgniter(Object(CodeIgniter\CodeIgniter))
 7 FCPATH\index.php(44): CodeIgniter\Boot::bootWeb(Object(Config\Paths))
CRITICAL - 2025-03-26 08:31:57 --> ErrorException: Undefined array key "session_token"
[Method: POST, Route: login]
in APPPATH\Controllers\UsuariosController.php on line 206.
 1 APPPATH\Controllers\UsuariosController.php(206): CodeIgniter\Debug\Exceptions->errorHandler(2, 'Undefined array key "session_token"', 'C:\\xampp\\htdocs\\backendPlantify\\app\\Controllers\\UsuariosController.php', 206)
 2 SYSTEMPATH\CodeIgniter.php(933): App\Controllers\UsuariosController->procesarLogin()
 3 SYSTEMPATH\CodeIgniter.php(507): CodeIgniter\CodeIgniter->runController(Object(App\Controllers\UsuariosController))
 4 SYSTEMPATH\CodeIgniter.php(354): CodeIgniter\CodeIgniter->handleRequest(null, Object(Config\Cache), false)
 5 SYSTEMPATH\Boot.php(334): CodeIgniter\CodeIgniter->run()
 6 SYSTEMPATH\Boot.php(67): CodeIgniter\Boot::runCodeIgniter(Object(CodeIgniter\CodeIgniter))
 7 FCPATH\index.php(44): CodeIgniter\Boot::bootWeb(Object(Config\Paths))
CRITICAL - 2025-03-26 08:34:25 --> CodeIgniter\Database\Exceptions\DataException: There is no data to update.
[Method: POST, Route: login]
in SYSTEMPATH\BaseModel.php on line 1010.
 1 SYSTEMPATH\BaseModel.php(1010): CodeIgniter\Database\Exceptions\DataException::forEmptyDataset('update')
 2 SYSTEMPATH\Model.php(863): CodeIgniter\BaseModel->update([...], [])
 3 APPPATH\Controllers\UsuariosController.php(216): CodeIgniter\Model->update('2', [...])
 4 SYSTEMPATH\CodeIgniter.php(933): App\Controllers\UsuariosController->procesarLogin()
 5 SYSTEMPATH\CodeIgniter.php(507): CodeIgniter\CodeIgniter->runController(Object(App\Controllers\UsuariosController))
 6 SYSTEMPATH\CodeIgniter.php(354): CodeIgniter\CodeIgniter->handleRequest(null, Object(Config\Cache), false)
 7 SYSTEMPATH\Boot.php(334): CodeIgniter\CodeIgniter->run()
 8 SYSTEMPATH\Boot.php(67): CodeIgniter\Boot::runCodeIgniter(Object(CodeIgniter\CodeIgniter))
 9 FCPATH\index.php(44): CodeIgniter\Boot::bootWeb(Object(Config\Paths))
CRITICAL - 2025-03-26 08:36:12 --> CodeIgniter\Database\Exceptions\DataException: There is no data to update.
[Method: POST, Route: login]
in SYSTEMPATH\BaseModel.php on line 1010.
 1 SYSTEMPATH\BaseModel.php(1010): CodeIgniter\Database\Exceptions\DataException::forEmptyDataset('update')
 2 SYSTEMPATH\Model.php(863): CodeIgniter\BaseModel->update([...], [])
 3 APPPATH\Controllers\UsuariosController.php(216): CodeIgniter\Model->update('2', [...])
 4 SYSTEMPATH\CodeIgniter.php(933): App\Controllers\UsuariosController->procesarLogin()
 5 SYSTEMPATH\CodeIgniter.php(507): CodeIgniter\CodeIgniter->runController(Object(App\Controllers\UsuariosController))
 6 SYSTEMPATH\CodeIgniter.php(354): CodeIgniter\CodeIgniter->handleRequest(null, Object(Config\Cache), false)
 7 SYSTEMPATH\Boot.php(334): CodeIgniter\CodeIgniter->run()
 8 SYSTEMPATH\Boot.php(67): CodeIgniter\Boot::runCodeIgniter(Object(CodeIgniter\CodeIgniter))
 9 FCPATH\index.php(44): CodeIgniter\Boot::bootWeb(Object(Config\Paths))
CRITICAL - 2025-03-26 08:36:23 --> CodeIgniter\Database\Exceptions\DataException: There is no data to update.
[Method: POST, Route: login]
in SYSTEMPATH\BaseModel.php on line 1010.
 1 SYSTEMPATH\BaseModel.php(1010): CodeIgniter\Database\Exceptions\DataException::forEmptyDataset('update')
 2 SYSTEMPATH\Model.php(863): CodeIgniter\BaseModel->update([...], [])
 3 APPPATH\Controllers\UsuariosController.php(216): CodeIgniter\Model->update('2', [...])
 4 SYSTEMPATH\CodeIgniter.php(933): App\Controllers\UsuariosController->procesarLogin()
 5 SYSTEMPATH\CodeIgniter.php(507): CodeIgniter\CodeIgniter->runController(Object(App\Controllers\UsuariosController))
 6 SYSTEMPATH\CodeIgniter.php(354): CodeIgniter\CodeIgniter->handleRequest(null, Object(Config\Cache), false)
 7 SYSTEMPATH\Boot.php(334): CodeIgniter\CodeIgniter->run()
 8 SYSTEMPATH\Boot.php(67): CodeIgniter\Boot::runCodeIgniter(Object(CodeIgniter\CodeIgniter))
 9 FCPATH\index.php(44): CodeIgniter\Boot::bootWeb(Object(Config\Paths))
ERROR - 2025-03-26 09:18:17 --> Excepción en create: "session_token" is not a valid rule. en línea 346
ERROR - 2025-03-26 09:18:23 --> Excepción en create: "session_token" is not a valid rule. en línea 346
ERROR - 2025-03-26 09:28:42 --> mysqli_sql_exception: Duplicate entry 'prueba4@gmail.com' for key 'correo' in C:\xampp\htdocs\backendPlantify\system\Database\MySQLi\Connection.php:327
Stack trace:
#0 C:\xampp\htdocs\backendPlantify\system\Database\MySQLi\Connection.php(327): mysqli->query('INSERT INTO `us...', 0)
#1 C:\xampp\htdocs\backendPlantify\system\Database\BaseConnection.php(738): CodeIgniter\Database\MySQLi\Connection->execute('INSERT INTO `us...')
#2 C:\xampp\htdocs\backendPlantify\system\Database\BaseConnection.php(652): CodeIgniter\Database\BaseConnection->simpleQuery('INSERT INTO `us...')
#3 C:\xampp\htdocs\backendPlantify\system\Database\BaseBuilder.php(2345): CodeIgniter\Database\BaseConnection->query('INSERT INTO `us...', Array, false)
#4 C:\xampp\htdocs\backendPlantify\system\Model.php(394): CodeIgniter\Database\BaseBuilder->insert()
#5 C:\xampp\htdocs\backendPlantify\system\BaseModel.php(839): CodeIgniter\Model->doInsert(Array)
#6 C:\xampp\htdocs\backendPlantify\system\Model.php(800): CodeIgniter\BaseModel->insert(Array, true)
#7 C:\xampp\htdocs\backendPlantify\app\Controllers\UsuariosController.php(102): CodeIgniter\Model->insert(Array)
#8 C:\xampp\htdocs\backendPlantify\system\CodeIgniter.php(933): App\Controllers\UsuariosController->create()
#9 C:\xampp\htdocs\backendPlantify\system\CodeIgniter.php(507): CodeIgniter\CodeIgniter->runController(Object(App\Controllers\UsuariosController))
#10 C:\xampp\htdocs\backendPlantify\system\CodeIgniter.php(354): CodeIgniter\CodeIgniter->handleRequest(NULL, Object(Config\Cache), false)
#11 C:\xampp\htdocs\backendPlantify\system\Boot.php(334): CodeIgniter\CodeIgniter->run()
#12 C:\xampp\htdocs\backendPlantify\system\Boot.php(67): CodeIgniter\Boot::runCodeIgniter(Object(CodeIgniter\CodeIgniter))
#13 C:\xampp\htdocs\backendPlantify\index.php(44): CodeIgniter\Boot::bootWeb(Object(Config\Paths))
#14 {main}
ERROR - 2025-03-26 09:28:42 --> Excepción en create: Duplicate entry 'prueba4@gmail.com' for key 'correo' en línea 692
ERROR - 2025-03-26 09:28:53 --> mysqli_sql_exception: Duplicate entry 'prueba4@gmail.com' for key 'correo' in C:\xampp\htdocs\backendPlantify\system\Database\MySQLi\Connection.php:327
Stack trace:
#0 C:\xampp\htdocs\backendPlantify\system\Database\MySQLi\Connection.php(327): mysqli->query('INSERT INTO `us...', 0)
#1 C:\xampp\htdocs\backendPlantify\system\Database\BaseConnection.php(738): CodeIgniter\Database\MySQLi\Connection->execute('INSERT INTO `us...')
#2 C:\xampp\htdocs\backendPlantify\system\Database\BaseConnection.php(652): CodeIgniter\Database\BaseConnection->simpleQuery('INSERT INTO `us...')
#3 C:\xampp\htdocs\backendPlantify\system\Database\BaseBuilder.php(2345): CodeIgniter\Database\BaseConnection->query('INSERT INTO `us...', Array, false)
#4 C:\xampp\htdocs\backendPlantify\system\Model.php(394): CodeIgniter\Database\BaseBuilder->insert()
#5 C:\xampp\htdocs\backendPlantify\system\BaseModel.php(839): CodeIgniter\Model->doInsert(Array)
#6 C:\xampp\htdocs\backendPlantify\system\Model.php(800): CodeIgniter\BaseModel->insert(Array, true)
#7 C:\xampp\htdocs\backendPlantify\app\Controllers\UsuariosController.php(102): CodeIgniter\Model->insert(Array)
#8 C:\xampp\htdocs\backendPlantify\system\CodeIgniter.php(933): App\Controllers\UsuariosController->create()
#9 C:\xampp\htdocs\backendPlantify\system\CodeIgniter.php(507): CodeIgniter\CodeIgniter->runController(Object(App\Controllers\UsuariosController))
#10 C:\xampp\htdocs\backendPlantify\system\CodeIgniter.php(354): CodeIgniter\CodeIgniter->handleRequest(NULL, Object(Config\Cache), false)
#11 C:\xampp\htdocs\backendPlantify\system\Boot.php(334): CodeIgniter\CodeIgniter->run()
#12 C:\xampp\htdocs\backendPlantify\system\Boot.php(67): CodeIgniter\Boot::runCodeIgniter(Object(CodeIgniter\CodeIgniter))
#13 C:\xampp\htdocs\backendPlantify\index.php(44): CodeIgniter\Boot::bootWeb(Object(Config\Paths))
#14 {main}
ERROR - 2025-03-26 09:28:53 --> Excepción en create: Duplicate entry 'prueba4@gmail.com' for key 'correo' en línea 692
ERROR - 2025-03-26 09:29:04 --> mysqli_sql_exception: Duplicate entry 'prueba4@gmail.com' for key 'correo' in C:\xampp\htdocs\backendPlantify\system\Database\MySQLi\Connection.php:327
Stack trace:
#0 C:\xampp\htdocs\backendPlantify\system\Database\MySQLi\Connection.php(327): mysqli->query('INSERT INTO `us...', 0)
#1 C:\xampp\htdocs\backendPlantify\system\Database\BaseConnection.php(738): CodeIgniter\Database\MySQLi\Connection->execute('INSERT INTO `us...')
#2 C:\xampp\htdocs\backendPlantify\system\Database\BaseConnection.php(652): CodeIgniter\Database\BaseConnection->simpleQuery('INSERT INTO `us...')
#3 C:\xampp\htdocs\backendPlantify\system\Database\BaseBuilder.php(2345): CodeIgniter\Database\BaseConnection->query('INSERT INTO `us...', Array, false)
#4 C:\xampp\htdocs\backendPlantify\system\Model.php(394): CodeIgniter\Database\BaseBuilder->insert()
#5 C:\xampp\htdocs\backendPlantify\system\BaseModel.php(839): CodeIgniter\Model->doInsert(Array)
#6 C:\xampp\htdocs\backendPlantify\system\Model.php(800): CodeIgniter\BaseModel->insert(Array, true)
#7 C:\xampp\htdocs\backendPlantify\app\Controllers\UsuariosController.php(102): CodeIgniter\Model->insert(Array)
#8 C:\xampp\htdocs\backendPlantify\system\CodeIgniter.php(933): App\Controllers\UsuariosController->create()
#9 C:\xampp\htdocs\backendPlantify\system\CodeIgniter.php(507): CodeIgniter\CodeIgniter->runController(Object(App\Controllers\UsuariosController))
#10 C:\xampp\htdocs\backendPlantify\system\CodeIgniter.php(354): CodeIgniter\CodeIgniter->handleRequest(NULL, Object(Config\Cache), false)
#11 C:\xampp\htdocs\backendPlantify\system\Boot.php(334): CodeIgniter\CodeIgniter->run()
#12 C:\xampp\htdocs\backendPlantify\system\Boot.php(67): CodeIgniter\Boot::runCodeIgniter(Object(CodeIgniter\CodeIgniter))
#13 C:\xampp\htdocs\backendPlantify\index.php(44): CodeIgniter\Boot::bootWeb(Object(Config\Paths))
#14 {main}
ERROR - 2025-03-26 09:29:04 --> Excepción en create: Duplicate entry 'prueba4@gmail.com' for key 'correo' en línea 692
